Using pre-set license
Built from '2022.3/staging' branch; Version is '2022.3.46f1 (8e9b8558c41a) revision 9345925'; Using compiler version '192829333'; Build Type 'Release'
OS: 'Windows 11  (10.0.26100) 64bit Core' Language: 'en' Physical Memory: 16309 MB
BatchMode: 1, IsHumanControllingUs: 0, StartBugReporterOnCrash: 0, Is64bit: 1, IsPro: 1

COMMAND LINE ARGUMENTS:
C:\Program Files\Unity\Hub\Editor\2022.3.46f1\Editor\Unity.exe
-adb2
-batchMode
-noUpm
-name
AssetImportWorker0
-projectPath
C:/Users/ejlew/OneDrive/Documents/GitHub/wizard-gta/wizard-gta
-logFile
Logs/AssetImportWorker0.log
-srvPort
49732
Successfully changed project path to: C:/Users/ejlew/OneDrive/Documents/GitHub/wizard-gta/wizard-gta
C:/Users/ejlew/OneDrive/Documents/GitHub/wizard-gta/wizard-gta
[UnityMemory] Configuration Parameters - Can be set up in boot.config
    "memorysetup-bucket-allocator-granularity=16"
    "memorysetup-bucket-allocator-bucket-count=8"
    "memorysetup-bucket-allocator-block-size=33554432"
    "memorysetup-bucket-allocator-block-count=8"
    "memorysetup-main-allocator-block-size=16777216"
    "memorysetup-thread-allocator-block-size=16777216"
    "memorysetup-gfx-main-allocator-block-size=16777216"
    "memorysetup-gfx-thread-allocator-block-size=16777216"
    "memorysetup-cache-allocator-block-size=4194304"
    "memorysetup-typetree-allocator-block-size=2097152"
    "memorysetup-profiler-bucket-allocator-granularity=16"
    "memorysetup-profiler-bucket-allocator-bucket-count=8"
    "memorysetup-profiler-bucket-allocator-block-size=33554432"
    "memorysetup-profiler-bucket-allocator-block-count=8"
    "memorysetup-profiler-allocator-block-size=16777216"
    "memorysetup-profiler-editor-allocator-block-size=1048576"
    "memorysetup-temp-allocator-size-main=16777216"
    "memorysetup-job-temp-allocator-block-size=2097152"
    "memorysetup-job-temp-allocator-block-size-background=1048576"
    "memorysetup-job-temp-allocator-reduction-small-platforms=262144"
    "memorysetup-allocator-temp-initial-block-size-main=262144"
    "memorysetup-allocator-temp-initial-block-size-worker=262144"
    "memorysetup-temp-allocator-size-background-worker=32768"
    "memorysetup-temp-allocator-size-job-worker=262144"
    "memorysetup-temp-allocator-size-preload-manager=33554432"
    "memorysetup-temp-allocator-size-nav-mesh-worker=65536"
    "memorysetup-temp-allocator-size-audio-worker=65536"
    "memorysetup-temp-allocator-size-cloud-worker=32768"
    "memorysetup-temp-allocator-size-gi-baking-worker=262144"
    "memorysetup-temp-allocator-size-gfx=262144"
Player connection [9324]  Target information:

Player connection [9324]  * "[IP] 172.16.18.25 [Port] 0 [Flags] 2 [Guid] 3650332249 [EditorId] 3650332249 [Version] 1048832 [Id] WindowsEditor(7,ElijahsPC) [Debug] 1 [PackageName] WindowsEditor [ProjectName] Editor" 

Player connection [9324] Host joined multi-casting on [225.0.0.222:54997]...
Player connection [9324] Host joined alternative multi-casting on [225.0.0.222:34997]...
[PhysX] Initialized MultithreadedTaskDispatcher with 12 workers.
Refreshing native plugins compatible for Editor in 14.42 ms, found 4 plugins.
Preloading 0 native plugins for Editor in 0.00 ms.
Initialize engine version: 2022.3.46f1 (8e9b8558c41a)
[Subsystems] Discovering subsystems at path C:/Program Files/Unity/Hub/Editor/2022.3.46f1/Editor/Data/Resources/UnitySubsystems
[Subsystems] Discovering subsystems at path C:/Users/ejlew/OneDrive/Documents/GitHub/wizard-gta/wizard-gta/Assets
GfxDevice: creating device client; threaded=0; jobified=0
Direct3D:
    Version:  Direct3D 11.0 [level 11.1]
    Renderer: AMD Radeon RX 7600 (ID=0x7480)
    Vendor:   ATI
    VRAM:     8109 MB
    Driver:   32.0.12033.1030
Initialize mono
Mono path[0] = 'C:/Program Files/Unity/Hub/Editor/2022.3.46f1/Editor/Data/Managed'
Mono path[1] = 'C:/Program Files/Unity/Hub/Editor/2022.3.46f1/Editor/Data/MonoBleedingEdge/lib/mono/unityjit-win32'
Mono config path = 'C:/Program Files/Unity/Hub/Editor/2022.3.46f1/Editor/Data/MonoBleedingEdge/etc'
Using monoOptions --debugger-agent=transport=dt_socket,embedding=1,server=y,suspend=n,address=127.0.0.1:56960
Begin MonoManager ReloadAssembly
Registering precompiled unity dll's ...
Register platform support module: C:/Program Files/Unity/Hub/Editor/2022.3.46f1/Editor/Data/PlaybackEngines/WindowsStandaloneSupport/UnityEditor.WindowsStandalone.Extensions.dll
Registered in 0.008950 seconds.
- Loaded All Assemblies, in  0.367 seconds
Native extension for WindowsStandalone target not found
Mono: successfully reloaded assembly
- Finished resetting the current domain, in  0.275 seconds
Domain Reload Profiling: 640ms
	BeginReloadAssembly (94ms)
		ExecutionOrderSort (0ms)
		DisableScriptedObjects (0ms)
		BackupInstance (0ms)
		ReleaseScriptingObjects (0ms)
		CreateAndSetChildDomain (1ms)
	RebuildCommonClasses (42ms)
	RebuildNativeTypeToScriptingClass (13ms)
	initialDomainReloadingComplete (66ms)
	LoadAllAssembliesAndSetupDomain (149ms)
		LoadAssemblies (92ms)
		RebuildTransferFunctionScriptingTraits (0ms)
		AnalyzeDomain (148ms)
			TypeCache.Refresh (146ms)
				TypeCache.ScanAssembly (133ms)
			ScanForSourceGeneratedMonoScriptInfo (0ms)
			ResolveRequiredComponents (1ms)
	FinalizeReload (275ms)
		ReleaseScriptCaches (0ms)
		RebuildScriptCaches (0ms)
		SetupLoadedEditorAssemblies (226ms)
			LogAssemblyErrors (0ms)
			InitializePlatformSupportModulesInManaged (11ms)
			SetLoadedEditorAssemblies (7ms)
			RefreshPlugins (0ms)
			BeforeProcessingInitializeOnLoad (2ms)
			ProcessInitializeOnLoadAttributes (155ms)
			ProcessInitializeOnLoadMethodAttributes (52ms)
			AfterProcessingInitializeOnLoad (0ms)
			EditorAssembliesLoaded (0ms)
		ExecutionOrderSort2 (0ms)
		AwakeInstancesAfterBackupRestoration (0ms)
========================================================================
Worker process is ready to serve import requests
Caller must complete domain reload
Begin MonoManager ReloadAssembly
BadImageFormatException: Format of the executable (.exe) or library (.dll) is invalid.
  at Mono.Cecil.PE.ImageReader.ReadImage () [0x00026] in <a6860a9f6366437387ebdc1f225b7fd4>:0 
  at Mono.Cecil.PE.ImageReader.ReadImage (Mono.Disposable`1[T] stream, System.String file_name) [0x00007] in <a6860a9f6366437387ebdc1f225b7fd4>:0 
  at Mono.Cecil.ModuleDefinition.ReadModule (Mono.Disposable`1[T] stream, System.String fileName, Mono.Cecil.ReaderParameters parameters) [0x00006] in <a6860a9f6366437387ebdc1f225b7fd4>:0 
  at Mono.Cecil.ModuleDefinition.ReadModule (System.String fileName, Mono.Cecil.ReaderParameters parameters) [0x0006c] in <a6860a9f6366437387ebdc1f225b7fd4>:0 
  at Mono.Cecil.AssemblyDefinition.ReadAssembly (System.String fileName, Mono.Cecil.ReaderParameters parameters) [0x00000] in <a6860a9f6366437387ebdc1f225b7fd4>:0 
  at UnityEditor.AssemblyValidation.LoadAssemblyDefinitions (System.String[] assemblyPaths, System.String[] searchPaths) [0x00048] in <e0a2c8363ef54a6393fed120beebdb7a>:0 
  at UnityEditor.AssemblyValidation.ValidateAssemblies (System.String[] assemblyPaths, System.Boolean enableLogging) [0x00007] in <e0a2c8363ef54a6393fed120beebdb7a>:0 

Failed loading assembly Library/ScriptAssemblies/Unity.2D.IK.Runtime.dll reason: File does not contain a valid CIL image
Loading assembly failed: "Library/ScriptAssemblies/Unity.2D.IK.Runtime.dll" reason: File does not contain a valid CIL image
Failed loading assembly Library/ScriptAssemblies/Unity.RenderPipelines.Core.Runtime.dll reason: File does not contain a valid CIL image
Loading assembly failed: "Library/ScriptAssemblies/Unity.RenderPipelines.Core.Runtime.dll" reason: File does not contain a valid CIL image
Failed loading assembly Library/ScriptAssemblies/Unity.Burst.Editor.dll reason: File does not contain a valid CIL image
Loading assembly failed: "Library/ScriptAssemblies/Unity.Burst.Editor.dll" reason: File does not contain a valid CIL image
Failed loading assembly Library/ScriptAssemblies/Unity.2D.Common.Path.Editor.dll reason: File does not contain a valid CIL image
Loading assembly failed: "Library/ScriptAssemblies/Unity.2D.Common.Path.Editor.dll" reason: File does not contain a valid CIL image
Failed loading assembly Library/ScriptAssemblies/Unity.2D.PixelPerfect.Editor.dll reason: File does not contain a valid CIL image
Loading assembly failed: "Library/ScriptAssemblies/Unity.2D.PixelPerfect.Editor.dll" reason: File does not contain a valid CIL image
Failed loading assembly Library/ScriptAssemblies/Unity.Rider.Editor.dll reason: File does not contain a valid CIL image
Loading assembly failed: "Library/ScriptAssemblies/Unity.Rider.Editor.dll" reason: File does not contain a valid CIL image
Failed loading assembly Library/ScriptAssemblies/Unity.2D.Aseprite.Common.dll reason: File does not contain a valid CIL image
Loading assembly failed: "Library/ScriptAssemblies/Unity.2D.Aseprite.Common.dll" reason: File does not contain a valid CIL image
Failed loading assembly Library/ScriptAssemblies/Unity.2D.Sprite.Editor.dll reason: File does not contain a valid CIL image
Loading assembly failed: "Library/ScriptAssemblies/Unity.2D.Sprite.Editor.dll" reason: File does not contain a valid CIL image
Failed loading assembly Library/ScriptAssemblies/Unity.RenderPipelines.Universal.Config.Runtime.dll reason: File does not contain a valid CIL image
Loading assembly failed: "Library/ScriptAssemblies/Unity.RenderPipelines.Universal.Config.Runtime.dll" reason: File does not contain a valid CIL image
Failed loading assembly Library/ScriptAssemblies/Unity.RenderPipelines.Core.Editor.dll reason: File does not contain a valid CIL image
Loading assembly failed: "Library/ScriptAssemblies/Unity.RenderPipelines.Core.Editor.dll" reason: File does not contain a valid CIL image
Failed loading assembly Library/ScriptAssemblies/UnityEditor.TestRunner.dll reason: File does not contain a valid CIL image
Loading assembly failed: "Library/ScriptAssemblies/UnityEditor.TestRunner.dll" reason: File does not contain a valid CIL image
Failed loading assembly Library/ScriptAssemblies/Unity.VisualScripting.Flow.dll reason: File does not contain a valid CIL image
Loading assembly failed: "Library/ScriptAssemblies/Unity.VisualScripting.Flow.dll" reason: File does not contain a valid CIL image
Failed loading assembly Library/ScriptAssemblies/Unity.Mathematics.Editor.dll reason: File does not contain a valid CIL image
Loading assembly failed: "Library/ScriptAssemblies/Unity.Mathematics.Editor.dll" reason: File does not contain a valid CIL image
Failed loading assembly Library/ScriptAssemblies/Unity.2D.Tilemap.Extras.Editor.dll reason: File does not contain a valid CIL image
Loading assembly failed: "Library/ScriptAssemblies/Unity.2D.Tilemap.Extras.Editor.dll" reason: File does not contain a valid CIL image
Failed loading assembly Library/ScriptAssemblies/Unity.RenderPipelines.Core.ShaderLibrary.dll reason: File does not contain a valid CIL image
Loading assembly failed: "Library/ScriptAssemblies/Unity.RenderPipelines.Core.ShaderLibrary.dll" reason: File does not contain a valid CIL image
Failed loading assembly Library/ScriptAssemblies/Unity.Collections.dll reason: File does not contain a valid CIL image
Loading assembly failed: "Library/ScriptAssemblies/Unity.Collections.dll" reason: File does not contain a valid CIL image
Failed loading assembly Library/ScriptAssemblies/Unity.PlasticSCM.Editor.dll reason: File does not contain a valid CIL image
Loading assembly failed: "Library/ScriptAssemblies/Unity.PlasticSCM.Editor.dll" reason: File does not contain a valid CIL image
Failed loading assembly Library/ScriptAssemblies/Unity.2D.SpriteShape.Runtime.dll reason: File does not contain a valid CIL image
Loading assembly failed: "Library/ScriptAssemblies/Unity.2D.SpriteShape.Runtime.dll" reason: File does not contain a valid CIL image
Failed loading assembly Library/ScriptAssemblies/Unity.2D.PixelPerfect.dll reason: File does not contain a valid CIL image
Loading assembly failed: "Library/ScriptAssemblies/Unity.2D.PixelPerfect.dll" reason: File does not contain a valid CIL image
Failed loading assembly Library/ScriptAssemblies/PPv2URPConverters.dll reason: File does not contain a valid CIL image
Loading assembly failed: "Library/ScriptAssemblies/PPv2URPConverters.dll" reason: File does not contain a valid CIL image
Failed loading assembly Library/ScriptAssemblies/Unity.CollabProxy.Editor.dll reason: File does not contain a valid CIL image
Loading assembly failed: "Library/ScriptAssemblies/Unity.CollabProxy.Editor.dll" reason: File does not contain a valid CIL image
Failed loading assembly Library/ScriptAssemblies/Unity.TextMeshPro.dll reason: File does not contain a valid CIL image
Loading assembly failed: "Library/ScriptAssemblies/Unity.TextMeshPro.dll" reason: File does not contain a valid CIL image
Failed loading assembly Library/ScriptAssemblies/Unity.2D.Aseprite.Editor.dll reason: File does not contain a valid CIL image
Loading assembly failed: "Library/ScriptAssemblies/Unity.2D.Aseprite.Editor.dll" reason: File does not contain a valid CIL image
Failed loading assembly Library/ScriptAssemblies/Unity.Burst.CodeGen.dll reason: File does not contain a valid CIL image
Loading assembly failed: "Library/ScriptAssemblies/Unity.Burst.CodeGen.dll" reason: File does not contain a valid CIL image
Failed loading assembly Library/ScriptAssemblies/Unity.RenderPipelines.Universal.Editor.dll reason: File does not contain a valid CIL image
Loading assembly failed: "Library/ScriptAssemblies/Unity.RenderPipelines.Universal.Editor.dll" reason: File does not contain a valid CIL image
Failed loading assembly Library/ScriptAssemblies/Unity.RenderPipelines.ShaderGraph.ShaderGraphLibrary.dll reason: File does not contain a valid CIL image
Loading assembly failed: "Library/ScriptAssemblies/Unity.RenderPipelines.ShaderGraph.ShaderGraphLibrary.dll" reason: File does not contain a valid CIL image
Failed loading assembly Library/ScriptAssemblies/PsdPlugin.dll reason: File does not contain a valid CIL image
Loading assembly failed: "Library/ScriptAssemblies/PsdPlugin.dll" reason: File does not contain a valid CIL image
Failed loading assembly Library/ScriptAssemblies/Unity.RenderPipelines.Universal.Runtime.dll reason: File does not contain a valid CIL image
Loading assembly failed: "Library/ScriptAssemblies/Unity.RenderPipelines.Universal.Runtime.dll" reason: File does not contain a valid CIL image
Failed loading assembly Library/ScriptAssemblies/Unity.Burst.dll reason: File does not contain a valid CIL image
Loading assembly failed: "Library/ScriptAssemblies/Unity.Burst.dll" reason: File does not contain a valid CIL image
Failed loading assembly Library/ScriptAssemblies/Unity.PlasticSCM.Editor.Entities.dll reason: File does not contain a valid CIL image
Loading assembly failed: "Library/ScriptAssemblies/Unity.PlasticSCM.Editor.Entities.dll" reason: File does not contain a valid CIL image
Failed loading assembly Library/ScriptAssemblies/Unity.Collections.BurstCompatibilityGen.dll reason: File does not contain a valid CIL image
Loading assembly failed: "Library/ScriptAssemblies/Unity.Collections.BurstCompatibilityGen.dll" reason: File does not contain a valid CIL image
Failed loading assembly Library/ScriptAssemblies/Unity.Timeline.Editor.dll reason: File does not contain a valid CIL image
Loading assembly failed: "Library/ScriptAssemblies/Unity.Timeline.Editor.dll" reason: File does not contain a valid CIL image
Failed loading assembly Library/ScriptAssemblies/Unity.VisualScripting.Shared.Editor.dll reason: File does not contain a valid CIL image
Loading assembly failed: "Library/ScriptAssemblies/Unity.VisualScripting.Shared.Editor.dll" reason: File does not contain a valid CIL image
Failed loading assembly Library/ScriptAssemblies/Unity.ShaderGraph.Editor.dll reason: File does not contain a valid CIL image
Loading assembly failed: "Library/ScriptAssemblies/Unity.ShaderGraph.Editor.dll" reason: File does not contain a valid CIL image
Failed loading assembly Library/ScriptAssemblies/Unity.VisualStudio.Editor.dll reason: File does not contain a valid CIL image
Loading assembly failed: "Library/ScriptAssemblies/Unity.VisualStudio.Editor.dll" reason: File does not contain a valid CIL image
Failed loading assembly Library/ScriptAssemblies/UnityEditor.UI.dll reason: File does not contain a valid CIL image
Loading assembly failed: "Library/ScriptAssemblies/UnityEditor.UI.dll" reason: File does not contain a valid CIL image
Failed loading assembly Library/ScriptAssemblies/Unity.VisualScripting.Core.dll reason: File does not contain a valid CIL image
Loading assembly failed: "Library/ScriptAssemblies/Unity.VisualScripting.Core.dll" reason: File does not contain a valid CIL image
Failed loading assembly Library/ScriptAssemblies/Unity.2D.Animation.Runtime.dll reason: File does not contain a valid CIL image
Loading assembly failed: "Library/ScriptAssemblies/Unity.2D.Animation.Runtime.dll" reason: File does not contain a valid CIL image
Failed loading assembly Library/ScriptAssemblies/Unity.Collections.DocCodeSamples.dll reason: File does not contain a valid CIL image
Loading assembly failed: "Library/ScriptAssemblies/Unity.Collections.DocCodeSamples.dll" reason: File does not contain a valid CIL image
Failed loading assembly Library/ScriptAssemblies/Unity.2D.Tilemap.Extras.dll reason: File does not contain a valid CIL image
Loading assembly failed: "Library/ScriptAssemblies/Unity.2D.Tilemap.Extras.dll" reason: File does not contain a valid CIL image
Failed loading assembly Library/ScriptAssemblies/Unity.VisualScripting.Core.Editor.dll reason: File does not contain a valid CIL image
Loading assembly failed: "Library/ScriptAssemblies/Unity.VisualScripting.Core.Editor.dll" reason: File does not contain a valid CIL image
Failed loading assembly Library/ScriptAssemblies/UnityEngine.UI.dll reason: File does not contain a valid CIL image
Loading assembly failed: "Library/ScriptAssemblies/UnityEngine.UI.dll" reason: File does not contain a valid CIL image
Failed loading assembly Library/ScriptAssemblies/Unity.VisualScripting.Flow.Editor.dll reason: File does not contain a valid CIL image
Loading assembly failed: "Library/ScriptAssemblies/Unity.VisualScripting.Flow.Editor.dll" reason: File does not contain a valid CIL image
Failed loading assembly Library/ScriptAssemblies/Unity.InternalAPIEngineBridge.001.dll reason: File does not contain a valid CIL image
Loading assembly failed: "Library/ScriptAssemblies/Unity.InternalAPIEngineBridge.001.dll" reason: File does not contain a valid CIL image
Failed loading assembly Library/ScriptAssemblies/Unity.2D.Common.Runtime.dll reason: File does not contain a valid CIL image
Loading assembly failed: "Library/ScriptAssemblies/Unity.2D.Common.Runtime.dll" reason: File does not contain a valid CIL image
Failed loading assembly Library/ScriptAssemblies/Unity.RenderPipeline.Universal.ShaderLibrary.dll reason: File does not contain a valid CIL image
Loading assembly failed: "Library/ScriptAssemblies/Unity.RenderPipeline.Universal.ShaderLibrary.dll" reason: File does not contain a valid CIL image
Failed loading assembly Library/ScriptAssemblies/Unity.Timeline.dll reason: File does not contain a valid CIL image
Loading assembly failed: "Library/ScriptAssemblies/Unity.Timeline.dll" reason: File does not contain a valid CIL image
Failed loading assembly Library/ScriptAssemblies/Unity.VisualScripting.SettingsProvider.Editor.dll reason: File does not contain a valid CIL image
Loading assembly failed: "Library/ScriptAssemblies/Unity.VisualScripting.SettingsProvider.Editor.dll" reason: File does not contain a valid CIL image
Failed loading assembly Library/ScriptAssemblies/Unity.InternalAPIEditorBridge.001.dll reason: File does not contain a valid CIL image
Loading assembly failed: "Library/ScriptAssemblies/Unity.InternalAPIEditorBridge.001.dll" reason: File does not contain a valid CIL image
Failed loading assembly Library/ScriptAssemblies/Unity.2D.Psdimporter.Editor.dll reason: File does not contain a valid CIL image
Loading assembly failed: "Library/ScriptAssemblies/Unity.2D.Psdimporter.Editor.dll" reason: File does not contain a valid CIL image
Failed loading assembly Library/ScriptAssemblies/UnityEngine.TestRunner.dll reason: File does not contain a valid CIL image
Loading assembly failed: "Library/ScriptAssemblies/UnityEngine.TestRunner.dll" reason: File does not contain a valid CIL image
Failed loading assembly Library/ScriptAssemblies/Unity.VisualScripting.State.Editor.dll reason: File does not contain a valid CIL image
Loading assembly failed: "Library/ScriptAssemblies/Unity.VisualScripting.State.Editor.dll" reason: File does not contain a valid CIL image
Failed loading assembly Library/ScriptAssemblies/Unity.Mathematics.dll reason: File does not contain a valid CIL image
Loading assembly failed: "Library/ScriptAssemblies/Unity.Mathematics.dll" reason: File does not contain a valid CIL image
Failed loading assembly Library/ScriptAssemblies/Unity.2D.Common.Editor.dll reason: File does not contain a valid CIL image
Loading assembly failed: "Library/ScriptAssemblies/Unity.2D.Common.Editor.dll" reason: File does not contain a valid CIL image
Failed loading assembly Library/ScriptAssemblies/Unity.RenderPipelines.Universal.Shaders.dll reason: File does not contain a valid CIL image
Loading assembly failed: "Library/ScriptAssemblies/Unity.RenderPipelines.Universal.Shaders.dll" reason: File does not contain a valid CIL image
Failed loading assembly Library/ScriptAssemblies/Unity.TextMeshPro.Editor.dll reason: File does not contain a valid CIL image
Loading assembly failed: "Library/ScriptAssemblies/Unity.TextMeshPro.Editor.dll" reason: File does not contain a valid CIL image
Failed loading assembly Library/ScriptAssemblies/Unity.Searcher.Editor.dll reason: File does not contain a valid CIL image
Loading assembly failed: "Library/ScriptAssemblies/Unity.Searcher.Editor.dll" reason: File does not contain a valid CIL image
Failed loading assembly Library/ScriptAssemblies/Unity.VisualScripting.State.dll reason: File does not contain a valid CIL image
Loading assembly failed: "Library/ScriptAssemblies/Unity.VisualScripting.State.dll" reason: File does not contain a valid CIL image
Failed loading assembly Library/ScriptAssemblies/Unity.2D.SpriteShape.Editor.dll reason: File does not contain a valid CIL image
Loading assembly failed: "Library/ScriptAssemblies/Unity.2D.SpriteShape.Editor.dll" reason: File does not contain a valid CIL image
Failed loading assembly Library/ScriptAssemblies/Unity.2D.Tilemap.Editor.dll reason: File does not contain a valid CIL image
Loading assembly failed: "Library/ScriptAssemblies/Unity.2D.Tilemap.Editor.dll" reason: File does not contain a valid CIL image
Failed loading assembly Library/ScriptAssemblies/Unity.ShaderGraph.Utilities.dll reason: File does not contain a valid CIL image
Loading assembly failed: "Library/ScriptAssemblies/Unity.ShaderGraph.Utilities.dll" reason: File does not contain a valid CIL image
Failed loading assembly Library/ScriptAssemblies/Unity.2D.Animation.Editor.dll reason: File does not contain a valid CIL image
Loading assembly failed: "Library/ScriptAssemblies/Unity.2D.Animation.Editor.dll" reason: File does not contain a valid CIL image
Failed loading assembly Library/ScriptAssemblies/Unity.2D.IK.Editor.dll reason: File does not contain a valid CIL image
Loading assembly failed: "Library/ScriptAssemblies/Unity.2D.IK.Editor.dll" reason: File does not contain a valid CIL image
- Loaded All Assemblies, in  0.371 seconds
Native extension for WindowsStandalone target not found
Mono: successfully reloaded assembly
- Finished resetting the current domain, in  0.399 seconds
Domain Reload Profiling: 765ms
	BeginReloadAssembly (136ms)
		ExecutionOrderSort (0ms)
		DisableScriptedObjects (7ms)
		BackupInstance (0ms)
		ReleaseScriptingObjects (0ms)
		CreateAndSetChildDomain (16ms)
	RebuildCommonClasses (43ms)
	RebuildNativeTypeToScriptingClass (13ms)
	initialDomainReloadingComplete (49ms)
	LoadAllAssembliesAndSetupDomain (124ms)
		LoadAssemblies (135ms)
		RebuildTransferFunctionScriptingTraits (0ms)
		AnalyzeDomain (66ms)
			TypeCache.Refresh (63ms)
				TypeCache.ScanAssembly (54ms)
			ScanForSourceGeneratedMonoScriptInfo (1ms)
			ResolveRequiredComponents (0ms)
	FinalizeReload (399ms)
		ReleaseScriptCaches (0ms)
		RebuildScriptCaches (0ms)
		SetupLoadedEditorAssemblies (269ms)
			LogAssemblyErrors (0ms)
			InitializePlatformSupportModulesInManaged (7ms)
			SetLoadedEditorAssemblies (5ms)
			RefreshPlugins (0ms)
			BeforeProcessingInitializeOnLoad (90ms)
			ProcessInitializeOnLoadAttributes (136ms)
			ProcessInitializeOnLoadMethodAttributes (22ms)
			AfterProcessingInitializeOnLoad (9ms)
			EditorAssembliesLoaded (0ms)
		ExecutionOrderSort2 (0ms)
		AwakeInstancesAfterBackupRestoration (10ms)
Launched and connected shader compiler UnityShaderCompiler.exe after 0.03 seconds
Refreshing native plugins compatible for Editor in 5.51 ms, found 4 plugins.
Preloading 0 native plugins for Editor in 0.00 ms.
Unloading 5731 Unused Serialized files (Serialized files now loaded: 0)
Unloading 24 unused Assets / (1.3 MB). Loaded Objects now: 6180.
Memory consumption went from 188.9 MB to 187.5 MB.
Total: 3.329400 ms (FindLiveObjects: 0.561200 ms CreateObjectMapping: 0.158700 ms MarkObjects: 2.127500 ms  DeleteObjects: 0.481200 ms)

AssetImportParameters requested are different than current active one (requested -> active):
  custom:container-muxer-webm: aa71ff27fc2769a1b78a27578f13a17b -> 
  custom:video-encoder-webm-vp8: eb34c28f22e8b96e1ab97ce403110664 -> 
  custom:video-codec-MediaFoundation-h265: 746d11721c4dcdbdad8f713fa42b33f4 -> 
  custom:audio-encoder-webm-vorbis: bf7c407c2cedff20999df2af8eb42d56 -> 
  custom:container-demuxer-ogg: 62fdf1f143b41e24485cea50d1cbac27 -> 
  custom:video-decoder-webm-vp8: 9c59270c3fd7afecdb556c50c9e8de78 -> 
  custom:audio-decoder-ogg-vorbis: bf7c407c2cedff20999df2af8eb42d56 -> 
  custom:AudioImporter_EditorPlatform: d09bf68614088b80899f8185d706f6e7 -> 
  custom:video-decoder-ogg-theora: a1e56fd34408186e4bbccfd4996cb3dc -> 
  custom:container-demuxer-webm: 4f35f7cbe854078d1ac9338744f61a02 -> 
  custom:CustomObjectIndexerAttribute: 9a22284fe3817be447336de3de66b15e -> 
  custom:framework-win-MediaFoundation: 216162199b28c13a410421893ffa2e32 -> 
  custom:SearchIndexIgnoredProperties: e643bd26f0fe6173181afceb89e7c659 -> 
========================================================================
Received Import Request.
  Time since last request: 186206.176851 seconds.
  path: Assets/UniversalRenderPipelineGlobalSettings.asset
  artifactKey: Guid(93b439a37f63240aca3dd4e01d978a9f) Importer(815301076,1909f56bfc062723c751e8b465ee728b)
Start importing Assets/UniversalRenderPipelineGlobalSettings.asset using Guid(93b439a37f63240aca3dd4e01d978a9f) Importer(815301076,1909f56bfc062723c751e8b465ee728b) [PhysX] Initialized MultithreadedTaskDispatcher with 12 workers.
 -> (artifact id: '6f078c1fb6f83acb75f2bfdd4f7d1340') in 0.002363 seconds
Number of updated asset objects reloaded before import = 0
Number of asset objects unloaded after import = 1
========================================================================
Received Import Request.
  Time since last request: 16.635645 seconds.
  path: Assets/Settings
  artifactKey: Guid(0220aab0833d04faeb927d84ca6cc40c) Importer(815301076,1909f56bfc062723c751e8b465ee728b)
Start importing Assets/Settings using Guid(0220aab0833d04faeb927d84ca6cc40c) Importer(815301076,1909f56bfc062723c751e8b465ee728b) [PhysX] Initialized MultithreadedTaskDispatcher with 12 workers.
 -> (artifact id: 'cadef35057248a05fb8eb0440aaf3e47') in 0.000342 seconds
Number of updated asset objects reloaded before import = 0
Number of asset objects unloaded after import = 0
========================================================================
Received Import Request.
  Time since last request: 0.519677 seconds.
  path: Assets/Scenes
  artifactKey: Guid(97fea4ed359ed854b9b72c5360f09990) Importer(815301076,1909f56bfc062723c751e8b465ee728b)
Start importing Assets/Scenes using Guid(97fea4ed359ed854b9b72c5360f09990) Importer(815301076,1909f56bfc062723c751e8b465ee728b) [PhysX] Initialized MultithreadedTaskDispatcher with 12 workers.
 -> (artifact id: '900a91b8e2ef7c78a416e56fd0cc301b') in 0.000333 seconds
Number of updated asset objects reloaded before import = 0
Number of asset objects unloaded after import = 0
========================================================================
Received Import Request.
  Time since last request: 1008.666955 seconds.
  path: Packages/com.unity.2d.animation/package.json
  artifactKey: Guid(9e83c20a8293f44ec8a375d3805f477d) Importer(815301076,1909f56bfc062723c751e8b465ee728b)
Start importing Packages/com.unity.2d.animation/package.json using Guid(9e83c20a8293f44ec8a375d3805f477d) Importer(815301076,1909f56bfc062723c751e8b465ee728b) [PhysX] Initialized MultithreadedTaskDispatcher with 12 workers.
 -> (artifact id: '486806016cfc07bff9200050d1d8e7df') in 0.006871 seconds
Number of updated asset objects reloaded before import = 0
Number of asset objects unloaded after import = 1
========================================================================
Received Import Request.
  Time since last request: 0.713236 seconds.
  path: Packages/com.unity.2d.common/package.json
  artifactKey: Guid(68f1917ec3cac45b080c26153375c2bb) Importer(815301076,1909f56bfc062723c751e8b465ee728b)
Start importing Packages/com.unity.2d.common/package.json using Guid(68f1917ec3cac45b080c26153375c2bb) Importer(815301076,1909f56bfc062723c751e8b465ee728b) [PhysX] Initialized MultithreadedTaskDispatcher with 12 workers.
 -> (artifact id: 'b04a07909d0751a7697304a51ef53962') in 0.000754 seconds
Number of updated asset objects reloaded before import = 0
Number of asset objects unloaded after import = 1
========================================================================
Received Import Request.
  Time since last request: 2.973959 seconds.
  path: Assets/Settings/Lit2DSceneTemplate.scenetemplate
  artifactKey: Guid(d03ed43fc9d8a4f2e9fa70c1c7916eb9) Importer(815301076,1909f56bfc062723c751e8b465ee728b)
Start importing Assets/Settings/Lit2DSceneTemplate.scenetemplate using Guid(d03ed43fc9d8a4f2e9fa70c1c7916eb9) Importer(815301076,1909f56bfc062723c751e8b465ee728b) [PhysX] Initialized MultithreadedTaskDispatcher with 12 workers.
[PhysX] Initialized MultithreadedTaskDispatcher with 12 workers.
 -> (artifact id: 'f7a93389914325e2273c278a65cd2515') in 0.109204 seconds
Number of updated asset objects reloaded before import = 0
Number of asset objects unloaded after import = 5
========================================================================
Received Import Request.
  Time since last request: 18.025436 seconds.
  path: Assets
  artifactKey: Guid(00000000000000001000000000000000) Importer(815301076,1909f56bfc062723c751e8b465ee728b)
Start importing Assets using Guid(00000000000000001000000000000000) Importer(815301076,1909f56bfc062723c751e8b465ee728b) [PhysX] Initialized MultithreadedTaskDispatcher with 12 workers.
 -> (artifact id: 'ae5280ad91af67e2a353905758f96678') in 0.000322 seconds
Number of updated asset objects reloaded before import = 0
Number of asset objects unloaded after import = 0
========================================================================
Received Import Request.
  Time since last request: 271.364994 seconds.
  path: Assets/Brackeys/2D Mega Pack
  artifactKey: Guid(3f97bd75468a3704282bde6d8dcfaaba) Importer(815301076,1909f56bfc062723c751e8b465ee728b)
Start importing Assets/Brackeys/2D Mega Pack using Guid(3f97bd75468a3704282bde6d8dcfaaba) Importer(815301076,1909f56bfc062723c751e8b465ee728b) [PhysX] Initialized MultithreadedTaskDispatcher with 12 workers.
 -> (artifact id: '2e19831b2afb338c1958985082889951') in 0.000391 seconds
Number of updated asset objects reloaded before import = 0
Number of asset objects unloaded after import = 0
========================================================================
Received Import Request.
  Time since last request: 1.259714 seconds.
  path: Assets/Brackeys/2D Mega Pack/Characters
  artifactKey: Guid(d9b6c188ea84ee5449f418bc1623dfa4) Importer(815301076,1909f56bfc062723c751e8b465ee728b)
Start importing Assets/Brackeys/2D Mega Pack/Characters using Guid(d9b6c188ea84ee5449f418bc1623dfa4) Importer(815301076,1909f56bfc062723c751e8b465ee728b) [PhysX] Initialized MultithreadedTaskDispatcher with 12 workers.
 -> (artifact id: 'f161cdffcf42a00f0190945d00e5b546') in 0.000396 seconds
Number of updated asset objects reloaded before import = 0
Number of asset objects unloaded after import = 0
========================================================================
Received Import Request.
  Time since last request: 0.086165 seconds.
  path: Assets/Brackeys/2D Mega Pack/Characters/Miner.png
  artifactKey: Guid(774fe8dccef69a44d9179e4529aea50c) Importer(815301076,1909f56bfc062723c751e8b465ee728b)
Start importing Assets/Brackeys/2D Mega Pack/Characters/Miner.png using Guid(774fe8dccef69a44d9179e4529aea50c) Importer(815301076,1909f56bfc062723c751e8b465ee728b) [PhysX] Initialized MultithreadedTaskDispatcher with 12 workers.
[PhysX] Initialized MultithreadedTaskDispatcher with 12 workers.
 -> (artifact id: '2088aa8d12d19e76e3bcfdc2d661c8e2') in 0.039816 seconds
Number of updated asset objects reloaded before import = 0
Number of asset objects unloaded after import = 3
========================================================================
Received Import Request.
  Time since last request: 0.000018 seconds.
  path: Assets/Brackeys/2D Mega Pack/Characters/Wizard.png
  artifactKey: Guid(c98b9cd543d1a6d448e27babb81798a0) Importer(815301076,1909f56bfc062723c751e8b465ee728b)
Start importing Assets/Brackeys/2D Mega Pack/Characters/Wizard.png using Guid(c98b9cd543d1a6d448e27babb81798a0) Importer(815301076,1909f56bfc062723c751e8b465ee728b) [PhysX] Initialized MultithreadedTaskDispatcher with 12 workers.
[PhysX] Initialized MultithreadedTaskDispatcher with 12 workers.
 -> (artifact id: 'f49296919ca171c69f7fa184227f7391') in 0.017092 seconds
Number of updated asset objects reloaded before import = 0
Number of asset objects unloaded after import = 6
========================================================================
Received Import Request.
  Time since last request: 0.000015 seconds.
  path: Assets/Brackeys/2D Mega Pack/Characters/PongPlayer.png
  artifactKey: Guid(3f5d8b39358f65040ade5d7096bc8085) Importer(815301076,1909f56bfc062723c751e8b465ee728b)
Start importing Assets/Brackeys/2D Mega Pack/Characters/PongPlayer.png using Guid(3f5d8b39358f65040ade5d7096bc8085) Importer(815301076,1909f56bfc062723c751e8b465ee728b) [PhysX] Initialized MultithreadedTaskDispatcher with 12 workers.
[PhysX] Initialized MultithreadedTaskDispatcher with 12 workers.
 -> (artifact id: '9ad515a4de2e661ebc972b5bf5d45452') in 0.014785 seconds
Number of updated asset objects reloaded before import = 0
Number of asset objects unloaded after import = 3
========================================================================
Received Import Request.
  Time since last request: 0.000018 seconds.
  path: Assets/Brackeys/2D Mega Pack/Characters/MrPickle.png
  artifactKey: Guid(9caa2d1bf58529846b51604707b587f6) Importer(815301076,1909f56bfc062723c751e8b465ee728b)
Start importing Assets/Brackeys/2D Mega Pack/Characters/MrPickle.png using Guid(9caa2d1bf58529846b51604707b587f6) Importer(815301076,1909f56bfc062723c751e8b465ee728b) [PhysX] Initialized MultithreadedTaskDispatcher with 12 workers.
[PhysX] Initialized MultithreadedTaskDispatcher with 12 workers.
 -> (artifact id: 'f41587add5c375467e51b5ae9391f477') in 0.017886 seconds
Number of updated asset objects reloaded before import = 0
Number of asset objects unloaded after import = 6
========================================================================
Received Import Request.
  Time since last request: 5.264145 seconds.
  path: Assets/Brackeys/2D Mega Pack/Effects/Fireball.png
  artifactKey: Guid(5ff9fd1dfa3921644a587a08e82b9e1c) Importer(815301076,1909f56bfc062723c751e8b465ee728b)
Start importing Assets/Brackeys/2D Mega Pack/Effects/Fireball.png using Guid(5ff9fd1dfa3921644a587a08e82b9e1c) Importer(815301076,1909f56bfc062723c751e8b465ee728b) [PhysX] Initialized MultithreadedTaskDispatcher with 12 workers.
[PhysX] Initialized MultithreadedTaskDispatcher with 12 workers.
 -> (artifact id: 'a2bee12dd4d34202559193384c7ca377') in 0.016511 seconds
Number of updated asset objects reloaded before import = 0
Number of asset objects unloaded after import = 4
========================================================================
Received Import Request.
  Time since last request: 0.000017 seconds.
  path: Assets/Brackeys/2D Mega Pack/Effects/Muzzleflash3.png
  artifactKey: Guid(729dd7a288cc6af4cac0edf25f4af631) Importer(815301076,1909f56bfc062723c751e8b465ee728b)
Start importing Assets/Brackeys/2D Mega Pack/Effects/Muzzleflash3.png using Guid(729dd7a288cc6af4cac0edf25f4af631) Importer(815301076,1909f56bfc062723c751e8b465ee728b) [PhysX] Initialized MultithreadedTaskDispatcher with 12 workers.
[PhysX] Initialized MultithreadedTaskDispatcher with 12 workers.
 -> (artifact id: '2cce6bdf93a4e4677aefdb61e54be754') in 0.023127 seconds
Number of updated asset objects reloaded before import = 0
Number of asset objects unloaded after import = 3
========================================================================
Received Import Request.
  Time since last request: 9.851695 seconds.
  path: Assets/Brackeys/2D Mega Pack/Backgrounds/BlueBackground.png
  artifactKey: Guid(10ebe7a8e14363545946d5a92ac0bcb0) Importer(815301076,1909f56bfc062723c751e8b465ee728b)
Start importing Assets/Brackeys/2D Mega Pack/Backgrounds/BlueBackground.png using Guid(10ebe7a8e14363545946d5a92ac0bcb0) Importer(815301076,1909f56bfc062723c751e8b465ee728b) [PhysX] Initialized MultithreadedTaskDispatcher with 12 workers.
[PhysX] Initialized MultithreadedTaskDispatcher with 12 workers.
 -> (artifact id: 'c6b170b74dc60da7afce515da705bbaf') in 0.019565 seconds
Number of updated asset objects reloaded before import = 0
Number of asset objects unloaded after import = 3
========================================================================
Received Import Request.
  Time since last request: 0.000022 seconds.
  path: Assets/Brackeys/2D Mega Pack/Backgrounds/FieldBackground.png
  artifactKey: Guid(816d352463058f7488a74e1e59af50f1) Importer(815301076,1909f56bfc062723c751e8b465ee728b)
Start importing Assets/Brackeys/2D Mega Pack/Backgrounds/FieldBackground.png using Guid(816d352463058f7488a74e1e59af50f1) Importer(815301076,1909f56bfc062723c751e8b465ee728b) [PhysX] Initialized MultithreadedTaskDispatcher with 12 workers.
[PhysX] Initialized MultithreadedTaskDispatcher with 12 workers.
 -> (artifact id: '8229249c3363ce2309466b36e96d8520') in 0.017129 seconds
Number of updated asset objects reloaded before import = 0
Number of asset objects unloaded after import = 3
========================================================================
Received Import Request.
  Time since last request: 0.000018 seconds.
  path: Assets/Brackeys/2D Mega Pack/Backgrounds/DustyBackground.png
  artifactKey: Guid(921dcff1d0da9eb409b4b461084190e2) Importer(815301076,1909f56bfc062723c751e8b465ee728b)
Start importing Assets/Brackeys/2D Mega Pack/Backgrounds/DustyBackground.png using Guid(921dcff1d0da9eb409b4b461084190e2) Importer(815301076,1909f56bfc062723c751e8b465ee728b) [PhysX] Initialized MultithreadedTaskDispatcher with 12 workers.
[PhysX] Initialized MultithreadedTaskDispatcher with 12 workers.
 -> (artifact id: '9b741ce6807ebc7394aa8ef7b5a38177') in 0.014635 seconds
Number of updated asset objects reloaded before import = 0
Number of asset objects unloaded after import = 3
========================================================================
Received Import Request.
  Time since last request: 3.395526 seconds.
  path: Assets/Brackeys/2D Mega Pack/Characters/Fantasy/Commoner.png
  artifactKey: Guid(4ae49494a73ff584099f601cb159abba) Importer(815301076,1909f56bfc062723c751e8b465ee728b)
Start importing Assets/Brackeys/2D Mega Pack/Characters/Fantasy/Commoner.png using Guid(4ae49494a73ff584099f601cb159abba) Importer(815301076,1909f56bfc062723c751e8b465ee728b) [PhysX] Initialized MultithreadedTaskDispatcher with 12 workers.
[PhysX] Initialized MultithreadedTaskDispatcher with 12 workers.
 -> (artifact id: '3c25ef4cbbe0cd4c7f8ea5563c49cf7d') in 0.023058 seconds
Number of updated asset objects reloaded before import = 0
Number of asset objects unloaded after import = 3
========================================================================
Received Import Request.
  Time since last request: 0.000024 seconds.
  path: Assets/Brackeys/2D Mega Pack/Characters/Fantasy/Princess.png
  artifactKey: Guid(48cd8048939cc274dae16a9493829244) Importer(815301076,1909f56bfc062723c751e8b465ee728b)
Start importing Assets/Brackeys/2D Mega Pack/Characters/Fantasy/Princess.png using Guid(48cd8048939cc274dae16a9493829244) Importer(815301076,1909f56bfc062723c751e8b465ee728b) [PhysX] Initialized MultithreadedTaskDispatcher with 12 workers.
[PhysX] Initialized MultithreadedTaskDispatcher with 12 workers.
 -> (artifact id: '49c49447e7dc934c0508f6d8aa393a7c') in 0.013058 seconds
Number of updated asset objects reloaded before import = 0
Number of asset objects unloaded after import = 3
Editor requested this worker to shutdown with reason: Scaling down because of idle timeout
TcpMessagingSession - receive error: operation aborted. errorcode: 995, details: The I/O operation has been aborted because of either a thread exit or an application request.
AssetImportWorker is now disconnected from the server
Process exiting
Exiting without the bug reporter. Application will terminate with return code 0