Using pre-set license
Built from '2022.3/staging' branch; Version is '2022.3.46f1 (8e9b8558c41a) revision 9345925'; Using compiler version '192829333'; Build Type 'Release'
OS: 'Windows 11  (10.0.26100) 64bit Core' Language: 'en' Physical Memory: 16309 MB
BatchMode: 1, IsHumanControllingUs: 0, StartBugReporterOnCrash: 0, Is64bit: 1, IsPro: 1

COMMAND LINE ARGUMENTS:
C:\Program Files\Unity\Hub\Editor\2022.3.46f1\Editor\Unity.exe
-adb2
-batchMode
-noUpm
-name
AssetImportWorker2
-projectPath
C:/Users/ejlew/OneDrive/Documents/GitHub/wizard-gta/wizard-gta
-logFile
Logs/AssetImportWorker2.log
-srvPort
49732
Successfully changed project path to: C:/Users/ejlew/OneDrive/Documents/GitHub/wizard-gta/wizard-gta
C:/Users/ejlew/OneDrive/Documents/GitHub/wizard-gta/wizard-gta
[UnityMemory] Configuration Parameters - Can be set up in boot.config
    "memorysetup-bucket-allocator-granularity=16"
    "memorysetup-bucket-allocator-bucket-count=8"
    "memorysetup-bucket-allocator-block-size=33554432"
    "memorysetup-bucket-allocator-block-count=8"
    "memorysetup-main-allocator-block-size=16777216"
    "memorysetup-thread-allocator-block-size=16777216"
    "memorysetup-gfx-main-allocator-block-size=16777216"
    "memorysetup-gfx-thread-allocator-block-size=16777216"
    "memorysetup-cache-allocator-block-size=4194304"
    "memorysetup-typetree-allocator-block-size=2097152"
    "memorysetup-profiler-bucket-allocator-granularity=16"
    "memorysetup-profiler-bucket-allocator-bucket-count=8"
    "memorysetup-profiler-bucket-allocator-block-size=33554432"
    "memorysetup-profiler-bucket-allocator-block-count=8"
    "memorysetup-profiler-allocator-block-size=16777216"
    "memorysetup-profiler-editor-allocator-block-size=1048576"
    "memorysetup-temp-allocator-size-main=16777216"
    "memorysetup-job-temp-allocator-block-size=2097152"
    "memorysetup-job-temp-allocator-block-size-background=1048576"
    "memorysetup-job-temp-allocator-reduction-small-platforms=262144"
    "memorysetup-allocator-temp-initial-block-size-main=262144"
    "memorysetup-allocator-temp-initial-block-size-worker=262144"
    "memorysetup-temp-allocator-size-background-worker=32768"
    "memorysetup-temp-allocator-size-job-worker=262144"
    "memorysetup-temp-allocator-size-preload-manager=33554432"
    "memorysetup-temp-allocator-size-nav-mesh-worker=65536"
    "memorysetup-temp-allocator-size-audio-worker=65536"
    "memorysetup-temp-allocator-size-cloud-worker=32768"
    "memorysetup-temp-allocator-size-gi-baking-worker=262144"
    "memorysetup-temp-allocator-size-gfx=262144"
Player connection [928]  Target information:

Player connection [928]  * "[IP] 172.16.18.25 [Port] 0 [Flags] 2 [Guid] 205009507 [EditorId] 205009507 [Version] 1048832 [Id] WindowsEditor(7,ElijahsPC) [Debug] 1 [PackageName] WindowsEditor [ProjectName] Editor" 

Player connection [928] Host joined multi-casting on [225.0.0.222:54997]...
Player connection [928] Host joined alternative multi-casting on [225.0.0.222:34997]...
[PhysX] Initialized MultithreadedTaskDispatcher with 12 workers.
Refreshing native plugins compatible for Editor in 10.25 ms, found 4 plugins.
Preloading 0 native plugins for Editor in 0.00 ms.
Initialize engine version: 2022.3.46f1 (8e9b8558c41a)
[Subsystems] Discovering subsystems at path C:/Program Files/Unity/Hub/Editor/2022.3.46f1/Editor/Data/Resources/UnitySubsystems
[Subsystems] Discovering subsystems at path C:/Users/ejlew/OneDrive/Documents/GitHub/wizard-gta/wizard-gta/Assets
GfxDevice: creating device client; threaded=0; jobified=0
Direct3D:
    Version:  Direct3D 11.0 [level 11.1]
    Renderer: AMD Radeon RX 7600 (ID=0x7480)
    Vendor:   ATI
    VRAM:     8109 MB
    Driver:   32.0.12033.1030
Initialize mono
Mono path[0] = 'C:/Program Files/Unity/Hub/Editor/2022.3.46f1/Editor/Data/Managed'
Mono path[1] = 'C:/Program Files/Unity/Hub/Editor/2022.3.46f1/Editor/Data/MonoBleedingEdge/lib/mono/unityjit-win32'
Mono config path = 'C:/Program Files/Unity/Hub/Editor/2022.3.46f1/Editor/Data/MonoBleedingEdge/etc'
Using monoOptions --debugger-agent=transport=dt_socket,embedding=1,server=y,suspend=n,address=127.0.0.1:56936
Begin MonoManager ReloadAssembly
Registering precompiled unity dll's ...
Register platform support module: C:/Program Files/Unity/Hub/Editor/2022.3.46f1/Editor/Data/PlaybackEngines/WindowsStandaloneSupport/UnityEditor.WindowsStandalone.Extensions.dll
Registered in 0.005655 seconds.
- Loaded All Assemblies, in  0.239 seconds
Native extension for WindowsStandalone target not found
Mono: successfully reloaded assembly
- Finished resetting the current domain, in  0.187 seconds
Domain Reload Profiling: 425ms
	BeginReloadAssembly (75ms)
		ExecutionOrderSort (0ms)
		DisableScriptedObjects (0ms)
		BackupInstance (0ms)
		ReleaseScriptingObjects (0ms)
		CreateAndSetChildDomain (0ms)
	RebuildCommonClasses (24ms)
	RebuildNativeTypeToScriptingClass (7ms)
	initialDomainReloadingComplete (42ms)
	LoadAllAssembliesAndSetupDomain (89ms)
		LoadAssemblies (74ms)
		RebuildTransferFunctionScriptingTraits (0ms)
		AnalyzeDomain (88ms)
			TypeCache.Refresh (87ms)
				TypeCache.ScanAssembly (78ms)
			ScanForSourceGeneratedMonoScriptInfo (0ms)
			ResolveRequiredComponents (0ms)
	FinalizeReload (188ms)
		ReleaseScriptCaches (0ms)
		RebuildScriptCaches (0ms)
		SetupLoadedEditorAssemblies (155ms)
			LogAssemblyErrors (0ms)
			InitializePlatformSupportModulesInManaged (7ms)
			SetLoadedEditorAssemblies (5ms)
			RefreshPlugins (0ms)
			BeforeProcessingInitializeOnLoad (2ms)
			ProcessInitializeOnLoadAttributes (107ms)
			ProcessInitializeOnLoadMethodAttributes (35ms)
			AfterProcessingInitializeOnLoad (0ms)
			EditorAssembliesLoaded (0ms)
		ExecutionOrderSort2 (0ms)
		AwakeInstancesAfterBackupRestoration (0ms)
========================================================================
Worker process is ready to serve import requests
Caller must complete domain reload
Begin MonoManager ReloadAssembly
BadImageFormatException: Format of the executable (.exe) or library (.dll) is invalid.
  at Mono.Cecil.PE.ImageReader.ReadImage () [0x00026] in <a6860a9f6366437387ebdc1f225b7fd4>:0 
  at Mono.Cecil.PE.ImageReader.ReadImage (Mono.Disposable`1[T] stream, System.String file_name) [0x00007] in <a6860a9f6366437387ebdc1f225b7fd4>:0 
  at Mono.Cecil.ModuleDefinition.ReadModule (Mono.Disposable`1[T] stream, System.String fileName, Mono.Cecil.ReaderParameters parameters) [0x00006] in <a6860a9f6366437387ebdc1f225b7fd4>:0 
  at Mono.Cecil.ModuleDefinition.ReadModule (System.String fileName, Mono.Cecil.ReaderParameters parameters) [0x0006c] in <a6860a9f6366437387ebdc1f225b7fd4>:0 
  at Mono.Cecil.AssemblyDefinition.ReadAssembly (System.String fileName, Mono.Cecil.ReaderParameters parameters) [0x00000] in <a6860a9f6366437387ebdc1f225b7fd4>:0 
  at UnityEditor.AssemblyValidation.LoadAssemblyDefinitions (System.String[] assemblyPaths, System.String[] searchPaths) [0x00048] in <e0a2c8363ef54a6393fed120beebdb7a>:0 
  at UnityEditor.AssemblyValidation.ValidateAssemblies (System.String[] assemblyPaths, System.Boolean enableLogging) [0x00007] in <e0a2c8363ef54a6393fed120beebdb7a>:0 

Failed loading assembly Library/ScriptAssemblies/Unity.2D.IK.Runtime.dll reason: File does not contain a valid CIL image
Loading assembly failed: "Library/ScriptAssemblies/Unity.2D.IK.Runtime.dll" reason: File does not contain a valid CIL image
Failed loading assembly Library/ScriptAssemblies/Unity.RenderPipelines.Core.Runtime.dll reason: File does not contain a valid CIL image
Loading assembly failed: "Library/ScriptAssemblies/Unity.RenderPipelines.Core.Runtime.dll" reason: File does not contain a valid CIL image
Failed loading assembly Library/ScriptAssemblies/Unity.Burst.Editor.dll reason: File does not contain a valid CIL image
Loading assembly failed: "Library/ScriptAssemblies/Unity.Burst.Editor.dll" reason: File does not contain a valid CIL image
Failed loading assembly Library/ScriptAssemblies/Unity.2D.Common.Path.Editor.dll reason: File does not contain a valid CIL image
Loading assembly failed: "Library/ScriptAssemblies/Unity.2D.Common.Path.Editor.dll" reason: File does not contain a valid CIL image
Failed loading assembly Library/ScriptAssemblies/Unity.2D.PixelPerfect.Editor.dll reason: File does not contain a valid CIL image
Loading assembly failed: "Library/ScriptAssemblies/Unity.2D.PixelPerfect.Editor.dll" reason: File does not contain a valid CIL image
Failed loading assembly Library/ScriptAssemblies/Unity.Rider.Editor.dll reason: File does not contain a valid CIL image
Loading assembly failed: "Library/ScriptAssemblies/Unity.Rider.Editor.dll" reason: File does not contain a valid CIL image
Failed loading assembly Library/ScriptAssemblies/Unity.2D.Aseprite.Common.dll reason: File does not contain a valid CIL image
Loading assembly failed: "Library/ScriptAssemblies/Unity.2D.Aseprite.Common.dll" reason: File does not contain a valid CIL image
Failed loading assembly Library/ScriptAssemblies/Unity.2D.Sprite.Editor.dll reason: File does not contain a valid CIL image
Loading assembly failed: "Library/ScriptAssemblies/Unity.2D.Sprite.Editor.dll" reason: File does not contain a valid CIL image
Failed loading assembly Library/ScriptAssemblies/Unity.RenderPipelines.Universal.Config.Runtime.dll reason: File does not contain a valid CIL image
Loading assembly failed: "Library/ScriptAssemblies/Unity.RenderPipelines.Universal.Config.Runtime.dll" reason: File does not contain a valid CIL image
Failed loading assembly Library/ScriptAssemblies/Unity.RenderPipelines.Core.Editor.dll reason: File does not contain a valid CIL image
Loading assembly failed: "Library/ScriptAssemblies/Unity.RenderPipelines.Core.Editor.dll" reason: File does not contain a valid CIL image
Failed loading assembly Library/ScriptAssemblies/UnityEditor.TestRunner.dll reason: File does not contain a valid CIL image
Loading assembly failed: "Library/ScriptAssemblies/UnityEditor.TestRunner.dll" reason: File does not contain a valid CIL image
Failed loading assembly Library/ScriptAssemblies/Unity.VisualScripting.Flow.dll reason: File does not contain a valid CIL image
Loading assembly failed: "Library/ScriptAssemblies/Unity.VisualScripting.Flow.dll" reason: File does not contain a valid CIL image
Failed loading assembly Library/ScriptAssemblies/Unity.Mathematics.Editor.dll reason: File does not contain a valid CIL image
Loading assembly failed: "Library/ScriptAssemblies/Unity.Mathematics.Editor.dll" reason: File does not contain a valid CIL image
Failed loading assembly Library/ScriptAssemblies/Unity.2D.Tilemap.Extras.Editor.dll reason: File does not contain a valid CIL image
Loading assembly failed: "Library/ScriptAssemblies/Unity.2D.Tilemap.Extras.Editor.dll" reason: File does not contain a valid CIL image
Failed loading assembly Library/ScriptAssemblies/Unity.RenderPipelines.Core.ShaderLibrary.dll reason: File does not contain a valid CIL image
Loading assembly failed: "Library/ScriptAssemblies/Unity.RenderPipelines.Core.ShaderLibrary.dll" reason: File does not contain a valid CIL image
Failed loading assembly Library/ScriptAssemblies/Unity.Collections.dll reason: File does not contain a valid CIL image
Loading assembly failed: "Library/ScriptAssemblies/Unity.Collections.dll" reason: File does not contain a valid CIL image
Failed loading assembly Library/ScriptAssemblies/Unity.PlasticSCM.Editor.dll reason: File does not contain a valid CIL image
Loading assembly failed: "Library/ScriptAssemblies/Unity.PlasticSCM.Editor.dll" reason: File does not contain a valid CIL image
Failed loading assembly Library/ScriptAssemblies/Unity.2D.SpriteShape.Runtime.dll reason: File does not contain a valid CIL image
Loading assembly failed: "Library/ScriptAssemblies/Unity.2D.SpriteShape.Runtime.dll" reason: File does not contain a valid CIL image
Failed loading assembly Library/ScriptAssemblies/Unity.2D.PixelPerfect.dll reason: File does not contain a valid CIL image
Loading assembly failed: "Library/ScriptAssemblies/Unity.2D.PixelPerfect.dll" reason: File does not contain a valid CIL image
Failed loading assembly Library/ScriptAssemblies/PPv2URPConverters.dll reason: File does not contain a valid CIL image
Loading assembly failed: "Library/ScriptAssemblies/PPv2URPConverters.dll" reason: File does not contain a valid CIL image
Failed loading assembly Library/ScriptAssemblies/Unity.CollabProxy.Editor.dll reason: File does not contain a valid CIL image
Loading assembly failed: "Library/ScriptAssemblies/Unity.CollabProxy.Editor.dll" reason: File does not contain a valid CIL image
Failed loading assembly Library/ScriptAssemblies/Unity.TextMeshPro.dll reason: File does not contain a valid CIL image
Loading assembly failed: "Library/ScriptAssemblies/Unity.TextMeshPro.dll" reason: File does not contain a valid CIL image
Failed loading assembly Library/ScriptAssemblies/Unity.2D.Aseprite.Editor.dll reason: File does not contain a valid CIL image
Loading assembly failed: "Library/ScriptAssemblies/Unity.2D.Aseprite.Editor.dll" reason: File does not contain a valid CIL image
Failed loading assembly Library/ScriptAssemblies/Unity.Burst.CodeGen.dll reason: File does not contain a valid CIL image
Loading assembly failed: "Library/ScriptAssemblies/Unity.Burst.CodeGen.dll" reason: File does not contain a valid CIL image
Failed loading assembly Library/ScriptAssemblies/Unity.RenderPipelines.Universal.Editor.dll reason: File does not contain a valid CIL image
Loading assembly failed: "Library/ScriptAssemblies/Unity.RenderPipelines.Universal.Editor.dll" reason: File does not contain a valid CIL image
Failed loading assembly Library/ScriptAssemblies/Unity.RenderPipelines.ShaderGraph.ShaderGraphLibrary.dll reason: File does not contain a valid CIL image
Loading assembly failed: "Library/ScriptAssemblies/Unity.RenderPipelines.ShaderGraph.ShaderGraphLibrary.dll" reason: File does not contain a valid CIL image
Failed loading assembly Library/ScriptAssemblies/PsdPlugin.dll reason: File does not contain a valid CIL image
Loading assembly failed: "Library/ScriptAssemblies/PsdPlugin.dll" reason: File does not contain a valid CIL image
Failed loading assembly Library/ScriptAssemblies/Unity.RenderPipelines.Universal.Runtime.dll reason: File does not contain a valid CIL image
Loading assembly failed: "Library/ScriptAssemblies/Unity.RenderPipelines.Universal.Runtime.dll" reason: File does not contain a valid CIL image
Failed loading assembly Library/ScriptAssemblies/Unity.Burst.dll reason: File does not contain a valid CIL image
Loading assembly failed: "Library/ScriptAssemblies/Unity.Burst.dll" reason: File does not contain a valid CIL image
Failed loading assembly Library/ScriptAssemblies/Unity.PlasticSCM.Editor.Entities.dll reason: File does not contain a valid CIL image
Loading assembly failed: "Library/ScriptAssemblies/Unity.PlasticSCM.Editor.Entities.dll" reason: File does not contain a valid CIL image
Failed loading assembly Library/ScriptAssemblies/Unity.Collections.BurstCompatibilityGen.dll reason: File does not contain a valid CIL image
Loading assembly failed: "Library/ScriptAssemblies/Unity.Collections.BurstCompatibilityGen.dll" reason: File does not contain a valid CIL image
Failed loading assembly Library/ScriptAssemblies/Unity.Timeline.Editor.dll reason: File does not contain a valid CIL image
Loading assembly failed: "Library/ScriptAssemblies/Unity.Timeline.Editor.dll" reason: File does not contain a valid CIL image
Failed loading assembly Library/ScriptAssemblies/Unity.VisualScripting.Shared.Editor.dll reason: File does not contain a valid CIL image
Loading assembly failed: "Library/ScriptAssemblies/Unity.VisualScripting.Shared.Editor.dll" reason: File does not contain a valid CIL image
Failed loading assembly Library/ScriptAssemblies/Unity.ShaderGraph.Editor.dll reason: File does not contain a valid CIL image
Loading assembly failed: "Library/ScriptAssemblies/Unity.ShaderGraph.Editor.dll" reason: File does not contain a valid CIL image
Failed loading assembly Library/ScriptAssemblies/Unity.VisualStudio.Editor.dll reason: File does not contain a valid CIL image
Loading assembly failed: "Library/ScriptAssemblies/Unity.VisualStudio.Editor.dll" reason: File does not contain a valid CIL image
Failed loading assembly Library/ScriptAssemblies/UnityEditor.UI.dll reason: File does not contain a valid CIL image
Loading assembly failed: "Library/ScriptAssemblies/UnityEditor.UI.dll" reason: File does not contain a valid CIL image
Failed loading assembly Library/ScriptAssemblies/Unity.VisualScripting.Core.dll reason: File does not contain a valid CIL image
Loading assembly failed: "Library/ScriptAssemblies/Unity.VisualScripting.Core.dll" reason: File does not contain a valid CIL image
Failed loading assembly Library/ScriptAssemblies/Unity.2D.Animation.Runtime.dll reason: File does not contain a valid CIL image
Loading assembly failed: "Library/ScriptAssemblies/Unity.2D.Animation.Runtime.dll" reason: File does not contain a valid CIL image
Failed loading assembly Library/ScriptAssemblies/Unity.Collections.DocCodeSamples.dll reason: File does not contain a valid CIL image
Loading assembly failed: "Library/ScriptAssemblies/Unity.Collections.DocCodeSamples.dll" reason: File does not contain a valid CIL image
Failed loading assembly Library/ScriptAssemblies/Unity.2D.Tilemap.Extras.dll reason: File does not contain a valid CIL image
Loading assembly failed: "Library/ScriptAssemblies/Unity.2D.Tilemap.Extras.dll" reason: File does not contain a valid CIL image
Failed loading assembly Library/ScriptAssemblies/Unity.VisualScripting.Core.Editor.dll reason: File does not contain a valid CIL image
Loading assembly failed: "Library/ScriptAssemblies/Unity.VisualScripting.Core.Editor.dll" reason: File does not contain a valid CIL image
Failed loading assembly Library/ScriptAssemblies/UnityEngine.UI.dll reason: File does not contain a valid CIL image
Loading assembly failed: "Library/ScriptAssemblies/UnityEngine.UI.dll" reason: File does not contain a valid CIL image
Failed loading assembly Library/ScriptAssemblies/Unity.VisualScripting.Flow.Editor.dll reason: File does not contain a valid CIL image
Loading assembly failed: "Library/ScriptAssemblies/Unity.VisualScripting.Flow.Editor.dll" reason: File does not contain a valid CIL image
Failed loading assembly Library/ScriptAssemblies/Unity.InternalAPIEngineBridge.001.dll reason: File does not contain a valid CIL image
Loading assembly failed: "Library/ScriptAssemblies/Unity.InternalAPIEngineBridge.001.dll" reason: File does not contain a valid CIL image
Failed loading assembly Library/ScriptAssemblies/Unity.2D.Common.Runtime.dll reason: File does not contain a valid CIL image
Loading assembly failed: "Library/ScriptAssemblies/Unity.2D.Common.Runtime.dll" reason: File does not contain a valid CIL image
Failed loading assembly Library/ScriptAssemblies/Unity.RenderPipeline.Universal.ShaderLibrary.dll reason: File does not contain a valid CIL image
Loading assembly failed: "Library/ScriptAssemblies/Unity.RenderPipeline.Universal.ShaderLibrary.dll" reason: File does not contain a valid CIL image
Failed loading assembly Library/ScriptAssemblies/Unity.Timeline.dll reason: File does not contain a valid CIL image
Loading assembly failed: "Library/ScriptAssemblies/Unity.Timeline.dll" reason: File does not contain a valid CIL image
Failed loading assembly Library/ScriptAssemblies/Unity.VisualScripting.SettingsProvider.Editor.dll reason: File does not contain a valid CIL image
Loading assembly failed: "Library/ScriptAssemblies/Unity.VisualScripting.SettingsProvider.Editor.dll" reason: File does not contain a valid CIL image
Failed loading assembly Library/ScriptAssemblies/Unity.InternalAPIEditorBridge.001.dll reason: File does not contain a valid CIL image
Loading assembly failed: "Library/ScriptAssemblies/Unity.InternalAPIEditorBridge.001.dll" reason: File does not contain a valid CIL image
Failed loading assembly Library/ScriptAssemblies/Unity.2D.Psdimporter.Editor.dll reason: File does not contain a valid CIL image
Loading assembly failed: "Library/ScriptAssemblies/Unity.2D.Psdimporter.Editor.dll" reason: File does not contain a valid CIL image
Failed loading assembly Library/ScriptAssemblies/UnityEngine.TestRunner.dll reason: File does not contain a valid CIL image
Loading assembly failed: "Library/ScriptAssemblies/UnityEngine.TestRunner.dll" reason: File does not contain a valid CIL image
Failed loading assembly Library/ScriptAssemblies/Unity.VisualScripting.State.Editor.dll reason: File does not contain a valid CIL image
Loading assembly failed: "Library/ScriptAssemblies/Unity.VisualScripting.State.Editor.dll" reason: File does not contain a valid CIL image
Failed loading assembly Library/ScriptAssemblies/Unity.Mathematics.dll reason: File does not contain a valid CIL image
Loading assembly failed: "Library/ScriptAssemblies/Unity.Mathematics.dll" reason: File does not contain a valid CIL image
Failed loading assembly Library/ScriptAssemblies/Unity.2D.Common.Editor.dll reason: File does not contain a valid CIL image
Loading assembly failed: "Library/ScriptAssemblies/Unity.2D.Common.Editor.dll" reason: File does not contain a valid CIL image
Failed loading assembly Library/ScriptAssemblies/Unity.RenderPipelines.Universal.Shaders.dll reason: File does not contain a valid CIL image
Loading assembly failed: "Library/ScriptAssemblies/Unity.RenderPipelines.Universal.Shaders.dll" reason: File does not contain a valid CIL image
Failed loading assembly Library/ScriptAssemblies/Unity.TextMeshPro.Editor.dll reason: File does not contain a valid CIL image
Loading assembly failed: "Library/ScriptAssemblies/Unity.TextMeshPro.Editor.dll" reason: File does not contain a valid CIL image
Failed loading assembly Library/ScriptAssemblies/Unity.Searcher.Editor.dll reason: File does not contain a valid CIL image
Loading assembly failed: "Library/ScriptAssemblies/Unity.Searcher.Editor.dll" reason: File does not contain a valid CIL image
Failed loading assembly Library/ScriptAssemblies/Unity.VisualScripting.State.dll reason: File does not contain a valid CIL image
Loading assembly failed: "Library/ScriptAssemblies/Unity.VisualScripting.State.dll" reason: File does not contain a valid CIL image
Failed loading assembly Library/ScriptAssemblies/Unity.2D.SpriteShape.Editor.dll reason: File does not contain a valid CIL image
Loading assembly failed: "Library/ScriptAssemblies/Unity.2D.SpriteShape.Editor.dll" reason: File does not contain a valid CIL image
Failed loading assembly Library/ScriptAssemblies/Unity.2D.Tilemap.Editor.dll reason: File does not contain a valid CIL image
Loading assembly failed: "Library/ScriptAssemblies/Unity.2D.Tilemap.Editor.dll" reason: File does not contain a valid CIL image
Failed loading assembly Library/ScriptAssemblies/Unity.ShaderGraph.Utilities.dll reason: File does not contain a valid CIL image
Loading assembly failed: "Library/ScriptAssemblies/Unity.ShaderGraph.Utilities.dll" reason: File does not contain a valid CIL image
Failed loading assembly Library/ScriptAssemblies/Unity.2D.Animation.Editor.dll reason: File does not contain a valid CIL image
Loading assembly failed: "Library/ScriptAssemblies/Unity.2D.Animation.Editor.dll" reason: File does not contain a valid CIL image
Failed loading assembly Library/ScriptAssemblies/Unity.2D.IK.Editor.dll reason: File does not contain a valid CIL image
Loading assembly failed: "Library/ScriptAssemblies/Unity.2D.IK.Editor.dll" reason: File does not contain a valid CIL image
- Loaded All Assemblies, in  0.243 seconds
Native extension for WindowsStandalone target not found
Mono: successfully reloaded assembly
- Finished resetting the current domain, in  0.270 seconds
Domain Reload Profiling: 511ms
	BeginReloadAssembly (102ms)
		ExecutionOrderSort (0ms)
		DisableScriptedObjects (4ms)
		BackupInstance (0ms)
		ReleaseScriptingObjects (0ms)
		CreateAndSetChildDomain (15ms)
	RebuildCommonClasses (23ms)
	RebuildNativeTypeToScriptingClass (7ms)
	initialDomainReloadingComplete (32ms)
	LoadAllAssembliesAndSetupDomain (77ms)
		LoadAssemblies (97ms)
		RebuildTransferFunctionScriptingTraits (0ms)
		AnalyzeDomain (38ms)
			TypeCache.Refresh (36ms)
				TypeCache.ScanAssembly (30ms)
			ScanForSourceGeneratedMonoScriptInfo (1ms)
			ResolveRequiredComponents (0ms)
	FinalizeReload (270ms)
		ReleaseScriptCaches (0ms)
		RebuildScriptCaches (0ms)
		SetupLoadedEditorAssemblies (190ms)
			LogAssemblyErrors (0ms)
			InitializePlatformSupportModulesInManaged (4ms)
			SetLoadedEditorAssemblies (3ms)
			RefreshPlugins (0ms)
			BeforeProcessingInitializeOnLoad (65ms)
			ProcessInitializeOnLoadAttributes (98ms)
			ProcessInitializeOnLoadMethodAttributes (14ms)
			AfterProcessingInitializeOnLoad (5ms)
			EditorAssembliesLoaded (0ms)
		ExecutionOrderSort2 (0ms)
		AwakeInstancesAfterBackupRestoration (6ms)
Launched and connected shader compiler UnityShaderCompiler.exe after 0.03 seconds
Refreshing native plugins compatible for Editor in 4.53 ms, found 4 plugins.
Preloading 0 native plugins for Editor in 0.00 ms.
Unloading 5731 Unused Serialized files (Serialized files now loaded: 0)
Unloading 24 unused Assets / (1.3 MB). Loaded Objects now: 6180.
Memory consumption went from 188.8 MB to 187.5 MB.
Total: 2.913000 ms (FindLiveObjects: 0.308400 ms CreateObjectMapping: 0.160000 ms MarkObjects: 1.987700 ms  DeleteObjects: 0.456100 ms)

AssetImportParameters requested are different than current active one (requested -> active):
  custom:container-muxer-webm: aa71ff27fc2769a1b78a27578f13a17b -> 
  custom:video-encoder-webm-vp8: eb34c28f22e8b96e1ab97ce403110664 -> 
  custom:video-codec-MediaFoundation-h265: 746d11721c4dcdbdad8f713fa42b33f4 -> 
  custom:audio-encoder-webm-vorbis: bf7c407c2cedff20999df2af8eb42d56 -> 
  custom:container-demuxer-ogg: 62fdf1f143b41e24485cea50d1cbac27 -> 
  custom:video-decoder-webm-vp8: 9c59270c3fd7afecdb556c50c9e8de78 -> 
  custom:audio-decoder-ogg-vorbis: bf7c407c2cedff20999df2af8eb42d56 -> 
  custom:AudioImporter_EditorPlatform: d09bf68614088b80899f8185d706f6e7 -> 
  custom:video-decoder-ogg-theora: a1e56fd34408186e4bbccfd4996cb3dc -> 
  custom:container-demuxer-webm: 4f35f7cbe854078d1ac9338744f61a02 -> 
  custom:CustomObjectIndexerAttribute: 9a22284fe3817be447336de3de66b15e -> 
  custom:framework-win-MediaFoundation: 216162199b28c13a410421893ffa2e32 -> 
  custom:SearchIndexIgnoredProperties: e643bd26f0fe6173181afceb89e7c659 -> 
========================================================================
Received Import Request.
  Time since last request: 187531.960890 seconds.
  path: Assets/Brackeys/2D Mega Pack/Effects/Explosion.png
  artifactKey: Guid(947c0cbf176869a45b7fd547776a2b0c) Importer(815301076,1909f56bfc062723c751e8b465ee728b)
Start importing Assets/Brackeys/2D Mega Pack/Effects/Explosion.png using Guid(947c0cbf176869a45b7fd547776a2b0c) Importer(815301076,1909f56bfc062723c751e8b465ee728b) [PhysX] Initialized MultithreadedTaskDispatcher with 12 workers.
[PhysX] Initialized MultithreadedTaskDispatcher with 12 workers.
 -> (artifact id: '2e85943c1959c0b3d66f2e6517ae112a') in 0.085778 seconds
Number of updated asset objects reloaded before import = 0
Number of asset objects unloaded after import = 6
========================================================================
Received Import Request.
  Time since last request: 9.663938 seconds.
  path: Assets/Brackeys/2D Mega Pack/Backgrounds
  artifactKey: Guid(32a6e3a01c461144e9231f98f40d26e1) Importer(815301076,1909f56bfc062723c751e8b465ee728b)
Start importing Assets/Brackeys/2D Mega Pack/Backgrounds using Guid(32a6e3a01c461144e9231f98f40d26e1) Importer(815301076,1909f56bfc062723c751e8b465ee728b) [PhysX] Initialized MultithreadedTaskDispatcher with 12 workers.
 -> (artifact id: '83d3b6516a22e6469e45944e69c97dfd') in 0.000387 seconds
Number of updated asset objects reloaded before import = 0
Number of asset objects unloaded after import = 0
========================================================================
Received Import Request.
  Time since last request: 0.139865 seconds.
  path: Assets/Brackeys/2D Mega Pack/Backgrounds/ArcadeGreyBackground.png
  artifactKey: Guid(730c911464148054487bb3efd7ef0d07) Importer(815301076,1909f56bfc062723c751e8b465ee728b)
Start importing Assets/Brackeys/2D Mega Pack/Backgrounds/ArcadeGreyBackground.png using Guid(730c911464148054487bb3efd7ef0d07) Importer(815301076,1909f56bfc062723c751e8b465ee728b) [PhysX] Initialized MultithreadedTaskDispatcher with 12 workers.
[PhysX] Initialized MultithreadedTaskDispatcher with 12 workers.
 -> (artifact id: '0e4bfd1c7798482a7c43e01fc9281d40') in 0.019466 seconds
Number of updated asset objects reloaded before import = 0
Number of asset objects unloaded after import = 3
========================================================================
Received Import Request.
  Time since last request: 0.000032 seconds.
  path: Assets/Brackeys/2D Mega Pack/Backgrounds/SkyBackground.png
  artifactKey: Guid(bb7547187a9980a4694d9a520186d028) Importer(815301076,1909f56bfc062723c751e8b465ee728b)
Start importing Assets/Brackeys/2D Mega Pack/Backgrounds/SkyBackground.png using Guid(bb7547187a9980a4694d9a520186d028) Importer(815301076,1909f56bfc062723c751e8b465ee728b) [PhysX] Initialized MultithreadedTaskDispatcher with 12 workers.
[PhysX] Initialized MultithreadedTaskDispatcher with 12 workers.
 -> (artifact id: 'd46678b8d96f4b38cfa2425e0c51193c') in 0.015831 seconds
Number of updated asset objects reloaded before import = 0
Number of asset objects unloaded after import = 3
========================================================================
Received Import Request.
  Time since last request: 0.000019 seconds.
  path: Assets/Brackeys/2D Mega Pack/Backgrounds/GreenBackground.png
  artifactKey: Guid(79dfa877bf28eca4e9f85bd1cadf6202) Importer(815301076,1909f56bfc062723c751e8b465ee728b)
Start importing Assets/Brackeys/2D Mega Pack/Backgrounds/GreenBackground.png using Guid(79dfa877bf28eca4e9f85bd1cadf6202) Importer(815301076,1909f56bfc062723c751e8b465ee728b) [PhysX] Initialized MultithreadedTaskDispatcher with 12 workers.
[PhysX] Initialized MultithreadedTaskDispatcher with 12 workers.
 -> (artifact id: 'a65f58a45a216817d2552c656df5dc8f') in 0.015306 seconds
Number of updated asset objects reloaded before import = 0
Number of asset objects unloaded after import = 3
========================================================================
Received Import Request.
  Time since last request: 3.356700 seconds.
  path: Assets/Brackeys/2D Mega Pack/Characters/Fantasy
  artifactKey: Guid(34dd4a04fcabe9c4a952c91f62b6bbc0) Importer(815301076,1909f56bfc062723c751e8b465ee728b)
Start importing Assets/Brackeys/2D Mega Pack/Characters/Fantasy using Guid(34dd4a04fcabe9c4a952c91f62b6bbc0) Importer(815301076,1909f56bfc062723c751e8b465ee728b) [PhysX] Initialized MultithreadedTaskDispatcher with 12 workers.
 -> (artifact id: '4ab0acdc63c911929b8cdefc90395884') in 0.000451 seconds
Number of updated asset objects reloaded before import = 0
Number of asset objects unloaded after import = 0
========================================================================
Received Import Request.
  Time since last request: 0.033516 seconds.
  path: Assets/Brackeys/2D Mega Pack/Characters/Fantasy/Brute.png
  artifactKey: Guid(8192c590fb896e8478742bc3423292c3) Importer(815301076,1909f56bfc062723c751e8b465ee728b)
Start importing Assets/Brackeys/2D Mega Pack/Characters/Fantasy/Brute.png using Guid(8192c590fb896e8478742bc3423292c3) Importer(815301076,1909f56bfc062723c751e8b465ee728b) [PhysX] Initialized MultithreadedTaskDispatcher with 12 workers.
[PhysX] Initialized MultithreadedTaskDispatcher with 12 workers.
 -> (artifact id: '61ce90a72b88f57f9752c987bb56456e') in 0.023653 seconds
Number of updated asset objects reloaded before import = 0
Number of asset objects unloaded after import = 3
========================================================================
Received Import Request.
  Time since last request: 0.000014 seconds.
  path: Assets/Brackeys/2D Mega Pack/Characters/Fantasy/Troll.png
  artifactKey: Guid(07f23995d5720bd4d9cd266799cef6fb) Importer(815301076,1909f56bfc062723c751e8b465ee728b)
Start importing Assets/Brackeys/2D Mega Pack/Characters/Fantasy/Troll.png using Guid(07f23995d5720bd4d9cd266799cef6fb) Importer(815301076,1909f56bfc062723c751e8b465ee728b) [PhysX] Initialized MultithreadedTaskDispatcher with 12 workers.
[PhysX] Initialized MultithreadedTaskDispatcher with 12 workers.
 -> (artifact id: 'a770e90fd849e08ad72064cb958af9da') in 0.013313 seconds
Number of updated asset objects reloaded before import = 0
Number of asset objects unloaded after import = 3
Editor requested this worker to shutdown with reason: Scaling down because of idle timeout
TcpMessagingSession - receive error: operation aborted. errorcode: 995, details: The I/O operation has been aborted because of either a thread exit or an application request.
AssetImportWorker is now disconnected from the server
Process exiting
Exiting without the bug reporter. Application will terminate with return code 0